CRITICAL - 2021-11-22 21:32:12 --> Class "App\Model\UserModel" not found
#0 C:\xampp\htdocs\StackAssessmentV1\vendor\codeigniter4\framework\system\CodeIgniter.php(824): App\Controllers\Home->index()
#1 C:\xampp\htdocs\StackAssessmentV1\vendor\codeigniter4\framework\system\CodeIgniter.php(410): CodeIgniter\CodeIgniter->runController(Object(App\Controllers\Home))
#2 C:\xampp\htdocs\StackAssessmentV1\vendor\codeigniter4\framework\system\CodeIgniter.php(318): CodeIgniter\CodeIgniter->handleRequest(NULL, Object(Config\Cache), false)
#3 C:\xampp\htdocs\StackAssessmentV1\index.php(40): CodeIgniter\CodeIgniter->run()
#4 {main}
ERROR - 2021-11-22 21:35:20 --> Error connecting to the database: Access denied for user '****'@'localhost' (using password: YES)
CRITICAL - 2021-11-22 21:35:20 --> Unable to connect to the database.
Main connection [MySQLi]: Access denied for user '****'@'localhost' (using password: YES)
#0 C:\xampp\htdocs\StackAssessmentV1\vendor\codeigniter4\framework\system\Database\BaseConnection.php(577): CodeIgniter\Database\BaseConnection->initialize()
#1 C:\xampp\htdocs\StackAssessmentV1\vendor\codeigniter4\framework\system\Database\BaseBuilder.php(1443): CodeIgniter\Database\BaseConnection->query('SELECT *\nFROM `...', Array, false)
#2 C:\xampp\htdocs\StackAssessmentV1\vendor\codeigniter4\framework\system\Model.php(142): CodeIgniter\Database\BaseBuilder->get()
#3 C:\xampp\htdocs\StackAssessmentV1\vendor\codeigniter4\framework\system\BaseModel.php(523): CodeIgniter\Model->doFind(true, '1')
#4 C:\xampp\htdocs\StackAssessmentV1\app\Controllers\Home.php(13): CodeIgniter\BaseModel->find('1')
#5 C:\xampp\htdocs\StackAssessmentV1\vendor\codeigniter4\framework\system\CodeIgniter.php(824): App\Controllers\Home->index()
#6 C:\xampp\htdocs\StackAssessmentV1\vendor\codeigniter4\framework\system\CodeIgniter.php(410): CodeIgniter\CodeIgniter->runController(Object(App\Controllers\Home))
#7 C:\xampp\htdocs\StackAssessmentV1\vendor\codeigniter4\framework\system\CodeIgniter.php(318): CodeIgniter\CodeIgniter->handleRequest(NULL, Object(Config\Cache), false)
#8 C:\xampp\htdocs\StackAssessmentV1\index.php(40): CodeIgniter\CodeIgniter->run()
#9 {main}
ERROR - 2021-11-22 21:36:10 --> Table 'stackassessmentdb.stackassessmentdbusers' doesn't exist
CRITICAL - 2021-11-22 21:36:10 --> Table 'stackassessmentdb.stackassessmentdbusers' doesn't exist
#0 C:\xampp\htdocs\StackAssessmentV1\vendor\codeigniter4\framework\system\Database\MySQLi\Connection.php(292): mysqli->query('SELECT *\nFROM `...', 0)
#1 C:\xampp\htdocs\StackAssessmentV1\vendor\codeigniter4\framework\system\Database\BaseConnection.php(670): CodeIgniter\Database\MySQLi\Connection->execute('SELECT *\nFROM `...')
#2 C:\xampp\htdocs\StackAssessmentV1\vendor\codeigniter4\framework\system\Database\BaseConnection.php(598): CodeIgniter\Database\BaseConnection->simpleQuery('SELECT *\nFROM `...')
#3 C:\xampp\htdocs\StackAssessmentV1\vendor\codeigniter4\framework\system\Database\BaseBuilder.php(1443): CodeIgniter\Database\BaseConnection->query('SELECT *\nFROM `...', Array, false)
#4 C:\xampp\htdocs\StackAssessmentV1\vendor\codeigniter4\framework\system\Model.php(142): CodeIgniter\Database\BaseBuilder->get()
#5 C:\xampp\htdocs\StackAssessmentV1\vendor\codeigniter4\framework\system\BaseModel.php(523): CodeIgniter\Model->doFind(true, '1')
#6 C:\xampp\htdocs\StackAssessmentV1\app\Controllers\Home.php(13): CodeIgniter\BaseModel->find('1')
#7 C:\xampp\htdocs\StackAssessmentV1\vendor\codeigniter4\framework\system\CodeIgniter.php(824): App\Controllers\Home->index()
#8 C:\xampp\htdocs\StackAssessmentV1\vendor\codeigniter4\framework\system\CodeIgniter.php(410): CodeIgniter\CodeIgniter->runController(Object(App\Controllers\Home))
#9 C:\xampp\htdocs\StackAssessmentV1\vendor\codeigniter4\framework\system\CodeIgniter.php(318): CodeIgniter\CodeIgniter->handleRequest(NULL, Object(Config\Cache), false)
#10 C:\xampp\htdocs\StackAssessmentV1\index.php(40): CodeIgniter\CodeIgniter->run()
#11 {main}
ERROR - 2021-11-22 21:36:12 --> Table 'stackassessmentdb.stackassessmentdbusers' doesn't exist
CRITICAL - 2021-11-22 21:36:12 --> Table 'stackassessmentdb.stackassessmentdbusers' doesn't exist
#0 C:\xampp\htdocs\StackAssessmentV1\vendor\codeigniter4\framework\system\Database\MySQLi\Connection.php(292): mysqli->query('SELECT *\nFROM `...', 0)
#1 C:\xampp\htdocs\StackAssessmentV1\vendor\codeigniter4\framework\system\Database\BaseConnection.php(670): CodeIgniter\Database\MySQLi\Connection->execute('SELECT *\nFROM `...')
#2 C:\xampp\htdocs\StackAssessmentV1\vendor\codeigniter4\framework\system\Database\BaseConnection.php(598): CodeIgniter\Database\BaseConnection->simpleQuery('SELECT *\nFROM `...')
#3 C:\xampp\htdocs\StackAssessmentV1\vendor\codeigniter4\framework\system\Database\BaseBuilder.php(1443): CodeIgniter\Database\BaseConnection->query('SELECT *\nFROM `...', Array, false)
#4 C:\xampp\htdocs\StackAssessmentV1\vendor\codeigniter4\framework\system\Model.php(142): CodeIgniter\Database\BaseBuilder->get()
#5 C:\xampp\htdocs\StackAssessmentV1\vendor\codeigniter4\framework\system\BaseModel.php(523): CodeIgniter\Model->doFind(true, '1')
#6 C:\xampp\htdocs\StackAssessmentV1\app\Controllers\Home.php(13): CodeIgniter\BaseModel->find('1')
#7 C:\xampp\htdocs\StackAssessmentV1\vendor\codeigniter4\framework\system\CodeIgniter.php(824): App\Controllers\Home->index()
#8 C:\xampp\htdocs\StackAssessmentV1\vendor\codeigniter4\framework\system\CodeIgniter.php(410): CodeIgniter\CodeIgniter->runController(Object(App\Controllers\Home))
#9 C:\xampp\htdocs\StackAssessmentV1\vendor\codeigniter4\framework\system\CodeIgniter.php(318): CodeIgniter\CodeIgniter->handleRequest(NULL, Object(Config\Cache), false)
#10 C:\xampp\htdocs\StackAssessmentV1\index.php(40): CodeIgniter\CodeIgniter->run()
#11 {main}
CRITICAL - 2021-11-22 21:51:05 --> Undefined constant "name"
#0 C:\xampp\htdocs\StackAssessmentV1\vendor\codeigniter4\framework\system\View\View.php(214): include()
#1 C:\xampp\htdocs\StackAssessmentV1\vendor\codeigniter4\framework\system\View\View.php(217): CodeIgniter\View\View->CodeIgniter\View\{closure}()
#2 C:\xampp\htdocs\StackAssessmentV1\vendor\codeigniter4\framework\system\Common.php(1097): CodeIgniter\View\View->render('structure/body', Array, true)
#3 C:\xampp\htdocs\StackAssessmentV1\app\Controllers\Home.php(15): view('structure/body', Array)
#4 C:\xampp\htdocs\StackAssessmentV1\vendor\codeigniter4\framework\system\CodeIgniter.php(824): App\Controllers\Home->index()
#5 C:\xampp\htdocs\StackAssessmentV1\vendor\codeigniter4\framework\system\CodeIgniter.php(410): CodeIgniter\CodeIgniter->runController(Object(App\Controllers\Home))
#6 C:\xampp\htdocs\StackAssessmentV1\vendor\codeigniter4\framework\system\CodeIgniter.php(318): CodeIgniter\CodeIgniter->handleRequest(NULL, Object(Config\Cache), false)
#7 C:\xampp\htdocs\StackAssessmentV1\index.php(40): CodeIgniter\CodeIgniter->run()
#8 {main}
