CRITICAL - 2021-11-24 17:21:48 --> Undefined variable $user
#0 C:\xampp\htdocs\StackAssessmentV1\app\Controllers\Home.php(15): CodeIgniter\Debug\Exceptions->errorHandler(2, 'Undefined varia...', 'C:\\xampp\\htdocs...', 15)
#1 C:\xampp\htdocs\StackAssessmentV1\vendor\codeigniter4\framework\system\CodeIgniter.php(824): App\Controllers\Home->index()
#2 C:\xampp\htdocs\StackAssessmentV1\vendor\codeigniter4\framework\system\CodeIgniter.php(410): CodeIgniter\CodeIgniter->runController(Object(App\Controllers\Home))
#3 C:\xampp\htdocs\StackAssessmentV1\vendor\codeigniter4\framework\system\CodeIgniter.php(318): CodeIgniter\CodeIgniter->handleRequest(NULL, Object(Config\Cache), false)
#4 C:\xampp\htdocs\StackAssessmentV1\index.php(40): CodeIgniter\CodeIgniter->run()
#5 {main}
CRITICAL - 2021-11-24 17:23:07 --> Invalid file: structure/SingIn.php
#0 C:\xampp\htdocs\StackAssessmentV1\vendor\codeigniter4\framework\system\View\View.php(198): CodeIgniter\Exceptions\FrameworkException::forInvalidFile('structure/SingI...')
#1 C:\xampp\htdocs\StackAssessmentV1\vendor\codeigniter4\framework\system\Common.php(1097): CodeIgniter\View\View->render('structure/SingI...', Array, true)
#2 C:\xampp\htdocs\StackAssessmentV1\app\Controllers\Home.php(15): view('structure/SingI...')
#3 C:\xampp\htdocs\StackAssessmentV1\vendor\codeigniter4\framework\system\CodeIgniter.php(824): App\Controllers\Home->index()
#4 C:\xampp\htdocs\StackAssessmentV1\vendor\codeigniter4\framework\system\CodeIgniter.php(410): CodeIgniter\CodeIgniter->runController(Object(App\Controllers\Home))
#5 C:\xampp\htdocs\StackAssessmentV1\vendor\codeigniter4\framework\system\CodeIgniter.php(318): CodeIgniter\CodeIgniter->handleRequest(NULL, Object(Config\Cache), false)
#6 C:\xampp\htdocs\StackAssessmentV1\index.php(40): CodeIgniter\CodeIgniter->run()
#7 {main}
CRITICAL - 2021-11-24 17:23:41 --> Call to undefined function form_sumbit()
#0 C:\xampp\htdocs\StackAssessmentV1\vendor\codeigniter4\framework\system\View\View.php(214): include()
#1 C:\xampp\htdocs\StackAssessmentV1\vendor\codeigniter4\framework\system\View\View.php(217): CodeIgniter\View\View->CodeIgniter\View\{closure}()
#2 C:\xampp\htdocs\StackAssessmentV1\vendor\codeigniter4\framework\system\Common.php(1097): CodeIgniter\View\View->render('User/SingIn', Array, true)
#3 C:\xampp\htdocs\StackAssessmentV1\app\Controllers\Home.php(15): view('User/SingIn')
#4 C:\xampp\htdocs\StackAssessmentV1\vendor\codeigniter4\framework\system\CodeIgniter.php(824): App\Controllers\Home->index()
#5 C:\xampp\htdocs\StackAssessmentV1\vendor\codeigniter4\framework\system\CodeIgniter.php(410): CodeIgniter\CodeIgniter->runController(Object(App\Controllers\Home))
#6 C:\xampp\htdocs\StackAssessmentV1\vendor\codeigniter4\framework\system\CodeIgniter.php(318): CodeIgniter\CodeIgniter->handleRequest(NULL, Object(Config\Cache), false)
#7 C:\xampp\htdocs\StackAssessmentV1\index.php(40): CodeIgniter\CodeIgniter->run()
#8 {main}
CRITICAL - 2021-11-24 17:31:16 --> Undefined constant "App\Models\is_unique"
#0 C:\xampp\htdocs\StackAssessmentV1\vendor\codeigniter4\framework\system\CodeIgniter.php(824): App\Controllers\UserController->Save()
#1 C:\xampp\htdocs\StackAssessmentV1\vendor\codeigniter4\framework\system\CodeIgniter.php(410): CodeIgniter\CodeIgniter->runController(Object(App\Controllers\UserController))
#2 C:\xampp\htdocs\StackAssessmentV1\vendor\codeigniter4\framework\system\CodeIgniter.php(318): CodeIgniter\CodeIgniter->handleRequest(NULL, Object(Config\Cache), false)
#3 C:\xampp\htdocs\StackAssessmentV1\index.php(40): CodeIgniter\CodeIgniter->run()
#4 {main}
CRITICAL - 2021-11-24 17:33:03 --> Undefined constant "App\Models\is_unique"
#0 C:\xampp\htdocs\StackAssessmentV1\vendor\codeigniter4\framework\system\CodeIgniter.php(824): App\Controllers\UserController->Save()
#1 C:\xampp\htdocs\StackAssessmentV1\vendor\codeigniter4\framework\system\CodeIgniter.php(410): CodeIgniter\CodeIgniter->runController(Object(App\Controllers\UserController))
#2 C:\xampp\htdocs\StackAssessmentV1\vendor\codeigniter4\framework\system\CodeIgniter.php(318): CodeIgniter\CodeIgniter->handleRequest(NULL, Object(Config\Cache), false)
#3 C:\xampp\htdocs\StackAssessmentV1\index.php(40): CodeIgniter\CodeIgniter->run()
#4 {main}
CRITICAL - 2021-11-24 17:37:57 --> Undefined constant "App\Models\is_unique"
#0 C:\xampp\htdocs\StackAssessmentV1\vendor\codeigniter4\framework\system\CodeIgniter.php(824): App\Controllers\UserController->Save()
#1 C:\xampp\htdocs\StackAssessmentV1\vendor\codeigniter4\framework\system\CodeIgniter.php(410): CodeIgniter\CodeIgniter->runController(Object(App\Controllers\UserController))
#2 C:\xampp\htdocs\StackAssessmentV1\vendor\codeigniter4\framework\system\CodeIgniter.php(318): CodeIgniter\CodeIgniter->handleRequest(NULL, Object(Config\Cache), false)
#3 C:\xampp\htdocs\StackAssessmentV1\index.php(40): CodeIgniter\CodeIgniter->run()
#4 {main}
CRITICAL - 2021-11-24 17:39:47 --> Call to undefined function App\Controllers\SingIn()
#0 C:\xampp\htdocs\StackAssessmentV1\vendor\codeigniter4\framework\system\CodeIgniter.php(824): App\Controllers\UserController->Save()
#1 C:\xampp\htdocs\StackAssessmentV1\vendor\codeigniter4\framework\system\CodeIgniter.php(410): CodeIgniter\CodeIgniter->runController(Object(App\Controllers\UserController))
#2 C:\xampp\htdocs\StackAssessmentV1\vendor\codeigniter4\framework\system\CodeIgniter.php(318): CodeIgniter\CodeIgniter->handleRequest(NULL, Object(Config\Cache), false)
#3 C:\xampp\htdocs\StackAssessmentV1\index.php(40): CodeIgniter\CodeIgniter->run()
#4 {main}
ERROR - 2021-11-24 17:40:11 --> Duplicate entry 'katheTest1' for key 'UserUnique'
CRITICAL - 2021-11-24 17:40:11 --> Duplicate entry 'katheTest1' for key 'UserUnique'
#0 C:\xampp\htdocs\StackAssessmentV1\vendor\codeigniter4\framework\system\Database\MySQLi\Connection.php(292): mysqli->query('INSERT INTO `us...', 0)
#1 C:\xampp\htdocs\StackAssessmentV1\vendor\codeigniter4\framework\system\Database\BaseConnection.php(670): CodeIgniter\Database\MySQLi\Connection->execute('INSERT INTO `us...')
#2 C:\xampp\htdocs\StackAssessmentV1\vendor\codeigniter4\framework\system\Database\BaseConnection.php(598): CodeIgniter\Database\BaseConnection->simpleQuery('INSERT INTO `us...')
#3 C:\xampp\htdocs\StackAssessmentV1\vendor\codeigniter4\framework\system\Database\BaseBuilder.php(1759): CodeIgniter\Database\BaseConnection->query('INSERT INTO `us...', Array, false)
#4 C:\xampp\htdocs\StackAssessmentV1\vendor\codeigniter4\framework\system\Model.php(239): CodeIgniter\Database\BaseBuilder->insert()
#5 C:\xampp\htdocs\StackAssessmentV1\vendor\codeigniter4\framework\system\BaseModel.php(738): CodeIgniter\Model->doInsert(Array)
#6 C:\xampp\htdocs\StackAssessmentV1\vendor\codeigniter4\framework\system\Model.php(620): CodeIgniter\BaseModel->insert(Array, true)
#7 C:\xampp\htdocs\StackAssessmentV1\app\Controllers\UserController.php(17): CodeIgniter\Model->insert(Array)
#8 C:\xampp\htdocs\StackAssessmentV1\vendor\codeigniter4\framework\system\CodeIgniter.php(824): App\Controllers\UserController->Save()
#9 C:\xampp\htdocs\StackAssessmentV1\vendor\codeigniter4\framework\system\CodeIgniter.php(410): CodeIgniter\CodeIgniter->runController(Object(App\Controllers\UserController))
#10 C:\xampp\htdocs\StackAssessmentV1\vendor\codeigniter4\framework\system\CodeIgniter.php(318): CodeIgniter\CodeIgniter->handleRequest(NULL, Object(Config\Cache), false)
#11 C:\xampp\htdocs\StackAssessmentV1\index.php(40): CodeIgniter\CodeIgniter->run()
#12 {main}
ERROR - 2021-11-24 17:40:55 --> Duplicate entry 'katheTest1' for key 'UserUnique'
CRITICAL - 2021-11-24 17:40:55 --> Duplicate entry 'katheTest1' for key 'UserUnique'
#0 C:\xampp\htdocs\StackAssessmentV1\vendor\codeigniter4\framework\system\Database\MySQLi\Connection.php(292): mysqli->query('INSERT INTO `us...', 0)
#1 C:\xampp\htdocs\StackAssessmentV1\vendor\codeigniter4\framework\system\Database\BaseConnection.php(670): CodeIgniter\Database\MySQLi\Connection->execute('INSERT INTO `us...')
#2 C:\xampp\htdocs\StackAssessmentV1\vendor\codeigniter4\framework\system\Database\BaseConnection.php(598): CodeIgniter\Database\BaseConnection->simpleQuery('INSERT INTO `us...')
#3 C:\xampp\htdocs\StackAssessmentV1\vendor\codeigniter4\framework\system\Database\BaseBuilder.php(1759): CodeIgniter\Database\BaseConnection->query('INSERT INTO `us...', Array, false)
#4 C:\xampp\htdocs\StackAssessmentV1\vendor\codeigniter4\framework\system\Model.php(239): CodeIgniter\Database\BaseBuilder->insert()
#5 C:\xampp\htdocs\StackAssessmentV1\vendor\codeigniter4\framework\system\BaseModel.php(738): CodeIgniter\Model->doInsert(Array)
#6 C:\xampp\htdocs\StackAssessmentV1\vendor\codeigniter4\framework\system\Model.php(620): CodeIgniter\BaseModel->insert(Array, true)
#7 C:\xampp\htdocs\StackAssessmentV1\app\Controllers\UserController.php(17): CodeIgniter\Model->insert(Array)
#8 C:\xampp\htdocs\StackAssessmentV1\vendor\codeigniter4\framework\system\CodeIgniter.php(824): App\Controllers\UserController->Save()
#9 C:\xampp\htdocs\StackAssessmentV1\vendor\codeigniter4\framework\system\CodeIgniter.php(410): CodeIgniter\CodeIgniter->runController(Object(App\Controllers\UserController))
#10 C:\xampp\htdocs\StackAssessmentV1\vendor\codeigniter4\framework\system\CodeIgniter.php(318): CodeIgniter\CodeIgniter->handleRequest(NULL, Object(Config\Cache), false)
#11 C:\xampp\htdocs\StackAssessmentV1\index.php(40): CodeIgniter\CodeIgniter->run()
#12 {main}
ERROR - 2021-11-24 17:42:02 --> Duplicate entry 'katheTest1' for key 'UserUnique'
CRITICAL - 2021-11-24 17:42:02 --> Duplicate entry 'katheTest1' for key 'UserUnique'
#0 C:\xampp\htdocs\StackAssessmentV1\vendor\codeigniter4\framework\system\Database\MySQLi\Connection.php(292): mysqli->query('INSERT INTO `us...', 0)
#1 C:\xampp\htdocs\StackAssessmentV1\vendor\codeigniter4\framework\system\Database\BaseConnection.php(670): CodeIgniter\Database\MySQLi\Connection->execute('INSERT INTO `us...')
#2 C:\xampp\htdocs\StackAssessmentV1\vendor\codeigniter4\framework\system\Database\BaseConnection.php(598): CodeIgniter\Database\BaseConnection->simpleQuery('INSERT INTO `us...')
#3 C:\xampp\htdocs\StackAssessmentV1\vendor\codeigniter4\framework\system\Database\BaseBuilder.php(1759): CodeIgniter\Database\BaseConnection->query('INSERT INTO `us...', Array, false)
#4 C:\xampp\htdocs\StackAssessmentV1\vendor\codeigniter4\framework\system\Model.php(239): CodeIgniter\Database\BaseBuilder->insert()
#5 C:\xampp\htdocs\StackAssessmentV1\vendor\codeigniter4\framework\system\BaseModel.php(738): CodeIgniter\Model->doInsert(Array)
#6 C:\xampp\htdocs\StackAssessmentV1\vendor\codeigniter4\framework\system\Model.php(620): CodeIgniter\BaseModel->insert(Array, true)
#7 C:\xampp\htdocs\StackAssessmentV1\app\Controllers\UserController.php(17): CodeIgniter\Model->insert(Array)
#8 C:\xampp\htdocs\StackAssessmentV1\vendor\codeigniter4\framework\system\CodeIgniter.php(824): App\Controllers\UserController->Save()
#9 C:\xampp\htdocs\StackAssessmentV1\vendor\codeigniter4\framework\system\CodeIgniter.php(410): CodeIgniter\CodeIgniter->runController(Object(App\Controllers\UserController))
#10 C:\xampp\htdocs\StackAssessmentV1\vendor\codeigniter4\framework\system\CodeIgniter.php(318): CodeIgniter\CodeIgniter->handleRequest(NULL, Object(Config\Cache), false)
#11 C:\xampp\htdocs\StackAssessmentV1\index.php(40): CodeIgniter\CodeIgniter->run()
#12 {main}
CRITICAL - 2021-11-24 17:42:24 --> Invalid file: structure/SingIn.php
#0 C:\xampp\htdocs\StackAssessmentV1\vendor\codeigniter4\framework\system\View\View.php(198): CodeIgniter\Exceptions\FrameworkException::forInvalidFile('structure/SingI...')
#1 C:\xampp\htdocs\StackAssessmentV1\vendor\codeigniter4\framework\system\Common.php(1097): CodeIgniter\View\View->render('structure/SingI...', Array, true)
#2 C:\xampp\htdocs\StackAssessmentV1\app\Controllers\UserController.php(20): view('structure/SingI...')
#3 C:\xampp\htdocs\StackAssessmentV1\vendor\codeigniter4\framework\system\CodeIgniter.php(824): App\Controllers\UserController->Save()
#4 C:\xampp\htdocs\StackAssessmentV1\vendor\codeigniter4\framework\system\CodeIgniter.php(410): CodeIgniter\CodeIgniter->runController(Object(App\Controllers\UserController))
#5 C:\xampp\htdocs\StackAssessmentV1\vendor\codeigniter4\framework\system\CodeIgniter.php(318): CodeIgniter\CodeIgniter->handleRequest(NULL, Object(Config\Cache), false)
#6 C:\xampp\htdocs\StackAssessmentV1\index.php(40): CodeIgniter\CodeIgniter->run()
#7 {main}
CRITICAL - 2021-11-24 21:06:12 --> Undefined variable $userModel
#0 C:\xampp\htdocs\StackAssessmentV1\app\Controllers\UserController.php(29): CodeIgniter\Debug\Exceptions->errorHandler(2, 'Undefined varia...', 'C:\\xampp\\htdocs...', 29)
#1 C:\xampp\htdocs\StackAssessmentV1\vendor\codeigniter4\framework\system\CodeIgniter.php(824): App\Controllers\UserController->List()
#2 C:\xampp\htdocs\StackAssessmentV1\vendor\codeigniter4\framework\system\CodeIgniter.php(410): CodeIgniter\CodeIgniter->runController(Object(App\Controllers\UserController))
#3 C:\xampp\htdocs\StackAssessmentV1\vendor\codeigniter4\framework\system\CodeIgniter.php(318): CodeIgniter\CodeIgniter->handleRequest(NULL, Object(Config\Cache), false)
#4 C:\xampp\htdocs\StackAssessmentV1\index.php(40): CodeIgniter\CodeIgniter->run()
#5 {main}
CRITICAL - 2021-11-24 21:06:24 --> Undefined variable $users
#0 C:\xampp\htdocs\StackAssessmentV1\app\Views\User\List.php(11): CodeIgniter\Debug\Exceptions->errorHandler(2, 'Undefined varia...', 'C:\\xampp\\htdocs...', 11)
#1 C:\xampp\htdocs\StackAssessmentV1\vendor\codeigniter4\framework\system\View\View.php(214): include('C:\\xampp\\htdocs...')
#2 C:\xampp\htdocs\StackAssessmentV1\vendor\codeigniter4\framework\system\View\View.php(217): CodeIgniter\View\View->CodeIgniter\View\{closure}()
#3 C:\xampp\htdocs\StackAssessmentV1\vendor\codeigniter4\framework\system\Common.php(1097): CodeIgniter\View\View->render('User/List', Array, true)
#4 C:\xampp\htdocs\StackAssessmentV1\app\Controllers\UserController.php(33): view('User/List', Array)
#5 C:\xampp\htdocs\StackAssessmentV1\vendor\codeigniter4\framework\system\CodeIgniter.php(824): App\Controllers\UserController->List()
#6 C:\xampp\htdocs\StackAssessmentV1\vendor\codeigniter4\framework\system\CodeIgniter.php(410): CodeIgniter\CodeIgniter->runController(Object(App\Controllers\UserController))
#7 C:\xampp\htdocs\StackAssessmentV1\vendor\codeigniter4\framework\system\CodeIgniter.php(318): CodeIgniter\CodeIgniter->handleRequest(NULL, Object(Config\Cache), false)
#8 C:\xampp\htdocs\StackAssessmentV1\index.php(40): CodeIgniter\CodeIgniter->run()
#9 {main}
CRITICAL - 2021-11-24 21:07:26 --> Undefined variable $user
#0 C:\xampp\htdocs\StackAssessmentV1\app\Views\User\List.php(11): CodeIgniter\Debug\Exceptions->errorHandler(2, 'Undefined varia...', 'C:\\xampp\\htdocs...', 11)
#1 C:\xampp\htdocs\StackAssessmentV1\vendor\codeigniter4\framework\system\View\View.php(214): include('C:\\xampp\\htdocs...')
#2 C:\xampp\htdocs\StackAssessmentV1\vendor\codeigniter4\framework\system\View\View.php(217): CodeIgniter\View\View->CodeIgniter\View\{closure}()
#3 C:\xampp\htdocs\StackAssessmentV1\vendor\codeigniter4\framework\system\Common.php(1097): CodeIgniter\View\View->render('User/List', Array, true)
#4 C:\xampp\htdocs\StackAssessmentV1\app\Controllers\UserController.php(33): view('User/List', Array)
#5 C:\xampp\htdocs\StackAssessmentV1\vendor\codeigniter4\framework\system\CodeIgniter.php(824): App\Controllers\UserController->List()
#6 C:\xampp\htdocs\StackAssessmentV1\vendor\codeigniter4\framework\system\CodeIgniter.php(410): CodeIgniter\CodeIgniter->runController(Object(App\Controllers\UserController))
#7 C:\xampp\htdocs\StackAssessmentV1\vendor\codeigniter4\framework\system\CodeIgniter.php(318): CodeIgniter\CodeIgniter->handleRequest(NULL, Object(Config\Cache), false)
#8 C:\xampp\htdocs\StackAssessmentV1\index.php(40): CodeIgniter\CodeIgniter->run()
#9 {main}
CRITICAL - 2021-11-24 21:07:49 --> Undefined variable $users
#0 C:\xampp\htdocs\StackAssessmentV1\app\Views\User\List.php(11): CodeIgniter\Debug\Exceptions->errorHandler(2, 'Undefined varia...', 'C:\\xampp\\htdocs...', 11)
#1 C:\xampp\htdocs\StackAssessmentV1\vendor\codeigniter4\framework\system\View\View.php(214): include('C:\\xampp\\htdocs...')
#2 C:\xampp\htdocs\StackAssessmentV1\vendor\codeigniter4\framework\system\View\View.php(217): CodeIgniter\View\View->CodeIgniter\View\{closure}()
#3 C:\xampp\htdocs\StackAssessmentV1\vendor\codeigniter4\framework\system\Common.php(1097): CodeIgniter\View\View->render('User/List', Array, true)
#4 C:\xampp\htdocs\StackAssessmentV1\app\Controllers\UserController.php(33): view('User/List', Array)
#5 C:\xampp\htdocs\StackAssessmentV1\vendor\codeigniter4\framework\system\CodeIgniter.php(824): App\Controllers\UserController->List()
#6 C:\xampp\htdocs\StackAssessmentV1\vendor\codeigniter4\framework\system\CodeIgniter.php(410): CodeIgniter\CodeIgniter->runController(Object(App\Controllers\UserController))
#7 C:\xampp\htdocs\StackAssessmentV1\vendor\codeigniter4\framework\system\CodeIgniter.php(318): CodeIgniter\CodeIgniter->handleRequest(NULL, Object(Config\Cache), false)
#8 C:\xampp\htdocs\StackAssessmentV1\index.php(40): CodeIgniter\CodeIgniter->run()
#9 {main}
CRITICAL - 2021-11-24 21:07:51 --> Undefined variable $users
#0 C:\xampp\htdocs\StackAssessmentV1\app\Views\User\List.php(11): CodeIgniter\Debug\Exceptions->errorHandler(2, 'Undefined varia...', 'C:\\xampp\\htdocs...', 11)
#1 C:\xampp\htdocs\StackAssessmentV1\vendor\codeigniter4\framework\system\View\View.php(214): include('C:\\xampp\\htdocs...')
#2 C:\xampp\htdocs\StackAssessmentV1\vendor\codeigniter4\framework\system\View\View.php(217): CodeIgniter\View\View->CodeIgniter\View\{closure}()
#3 C:\xampp\htdocs\StackAssessmentV1\vendor\codeigniter4\framework\system\Common.php(1097): CodeIgniter\View\View->render('User/List', Array, true)
#4 C:\xampp\htdocs\StackAssessmentV1\app\Controllers\UserController.php(33): view('User/List', Array)
#5 C:\xampp\htdocs\StackAssessmentV1\vendor\codeigniter4\framework\system\CodeIgniter.php(824): App\Controllers\UserController->List()
#6 C:\xampp\htdocs\StackAssessmentV1\vendor\codeigniter4\framework\system\CodeIgniter.php(410): CodeIgniter\CodeIgniter->runController(Object(App\Controllers\UserController))
#7 C:\xampp\htdocs\StackAssessmentV1\vendor\codeigniter4\framework\system\CodeIgniter.php(318): CodeIgniter\CodeIgniter->handleRequest(NULL, Object(Config\Cache), false)
#8 C:\xampp\htdocs\StackAssessmentV1\index.php(40): CodeIgniter\CodeIgniter->run()
#9 {main}
CRITICAL - 2021-11-24 21:07:51 --> Undefined variable $users
#0 C:\xampp\htdocs\StackAssessmentV1\app\Views\User\List.php(11): CodeIgniter\Debug\Exceptions->errorHandler(2, 'Undefined varia...', 'C:\\xampp\\htdocs...', 11)
#1 C:\xampp\htdocs\StackAssessmentV1\vendor\codeigniter4\framework\system\View\View.php(214): include('C:\\xampp\\htdocs...')
#2 C:\xampp\htdocs\StackAssessmentV1\vendor\codeigniter4\framework\system\View\View.php(217): CodeIgniter\View\View->CodeIgniter\View\{closure}()
#3 C:\xampp\htdocs\StackAssessmentV1\vendor\codeigniter4\framework\system\Common.php(1097): CodeIgniter\View\View->render('User/List', Array, true)
#4 C:\xampp\htdocs\StackAssessmentV1\app\Controllers\UserController.php(33): view('User/List', Array)
#5 C:\xampp\htdocs\StackAssessmentV1\vendor\codeigniter4\framework\system\CodeIgniter.php(824): App\Controllers\UserController->List()
#6 C:\xampp\htdocs\StackAssessmentV1\vendor\codeigniter4\framework\system\CodeIgniter.php(410): CodeIgniter\CodeIgniter->runController(Object(App\Controllers\UserController))
#7 C:\xampp\htdocs\StackAssessmentV1\vendor\codeigniter4\framework\system\CodeIgniter.php(318): CodeIgniter\CodeIgniter->handleRequest(NULL, Object(Config\Cache), false)
#8 C:\xampp\htdocs\StackAssessmentV1\index.php(40): CodeIgniter\CodeIgniter->run()
#9 {main}
CRITICAL - 2021-11-24 21:07:52 --> Undefined variable $users
#0 C:\xampp\htdocs\StackAssessmentV1\app\Views\User\List.php(11): CodeIgniter\Debug\Exceptions->errorHandler(2, 'Undefined varia...', 'C:\\xampp\\htdocs...', 11)
#1 C:\xampp\htdocs\StackAssessmentV1\vendor\codeigniter4\framework\system\View\View.php(214): include('C:\\xampp\\htdocs...')
#2 C:\xampp\htdocs\StackAssessmentV1\vendor\codeigniter4\framework\system\View\View.php(217): CodeIgniter\View\View->CodeIgniter\View\{closure}()
#3 C:\xampp\htdocs\StackAssessmentV1\vendor\codeigniter4\framework\system\Common.php(1097): CodeIgniter\View\View->render('User/List', Array, true)
#4 C:\xampp\htdocs\StackAssessmentV1\app\Controllers\UserController.php(33): view('User/List', Array)
#5 C:\xampp\htdocs\StackAssessmentV1\vendor\codeigniter4\framework\system\CodeIgniter.php(824): App\Controllers\UserController->List()
#6 C:\xampp\htdocs\StackAssessmentV1\vendor\codeigniter4\framework\system\CodeIgniter.php(410): CodeIgniter\CodeIgniter->runController(Object(App\Controllers\UserController))
#7 C:\xampp\htdocs\StackAssessmentV1\vendor\codeigniter4\framework\system\CodeIgniter.php(318): CodeIgniter\CodeIgniter->handleRequest(NULL, Object(Config\Cache), false)
#8 C:\xampp\htdocs\StackAssessmentV1\index.php(40): CodeIgniter\CodeIgniter->run()
#9 {main}
CRITICAL - 2021-11-24 21:07:52 --> Undefined variable $users
#0 C:\xampp\htdocs\StackAssessmentV1\app\Views\User\List.php(11): CodeIgniter\Debug\Exceptions->errorHandler(2, 'Undefined varia...', 'C:\\xampp\\htdocs...', 11)
#1 C:\xampp\htdocs\StackAssessmentV1\vendor\codeigniter4\framework\system\View\View.php(214): include('C:\\xampp\\htdocs...')
#2 C:\xampp\htdocs\StackAssessmentV1\vendor\codeigniter4\framework\system\View\View.php(217): CodeIgniter\View\View->CodeIgniter\View\{closure}()
#3 C:\xampp\htdocs\StackAssessmentV1\vendor\codeigniter4\framework\system\Common.php(1097): CodeIgniter\View\View->render('User/List', Array, true)
#4 C:\xampp\htdocs\StackAssessmentV1\app\Controllers\UserController.php(33): view('User/List', Array)
#5 C:\xampp\htdocs\StackAssessmentV1\vendor\codeigniter4\framework\system\CodeIgniter.php(824): App\Controllers\UserController->List()
#6 C:\xampp\htdocs\StackAssessmentV1\vendor\codeigniter4\framework\system\CodeIgniter.php(410): CodeIgniter\CodeIgniter->runController(Object(App\Controllers\UserController))
#7 C:\xampp\htdocs\StackAssessmentV1\vendor\codeigniter4\framework\system\CodeIgniter.php(318): CodeIgniter\CodeIgniter->handleRequest(NULL, Object(Config\Cache), false)
#8 C:\xampp\htdocs\StackAssessmentV1\index.php(40): CodeIgniter\CodeIgniter->run()
#9 {main}
CRITICAL - 2021-11-24 21:07:54 --> Undefined variable $users
#0 C:\xampp\htdocs\StackAssessmentV1\app\Views\User\List.php(11): CodeIgniter\Debug\Exceptions->errorHandler(2, 'Undefined varia...', 'C:\\xampp\\htdocs...', 11)
#1 C:\xampp\htdocs\StackAssessmentV1\vendor\codeigniter4\framework\system\View\View.php(214): include('C:\\xampp\\htdocs...')
#2 C:\xampp\htdocs\StackAssessmentV1\vendor\codeigniter4\framework\system\View\View.php(217): CodeIgniter\View\View->CodeIgniter\View\{closure}()
#3 C:\xampp\htdocs\StackAssessmentV1\vendor\codeigniter4\framework\system\Common.php(1097): CodeIgniter\View\View->render('User/List', Array, true)
#4 C:\xampp\htdocs\StackAssessmentV1\app\Controllers\UserController.php(33): view('User/List', Array)
#5 C:\xampp\htdocs\StackAssessmentV1\vendor\codeigniter4\framework\system\CodeIgniter.php(824): App\Controllers\UserController->List()
#6 C:\xampp\htdocs\StackAssessmentV1\vendor\codeigniter4\framework\system\CodeIgniter.php(410): CodeIgniter\CodeIgniter->runController(Object(App\Controllers\UserController))
#7 C:\xampp\htdocs\StackAssessmentV1\vendor\codeigniter4\framework\system\CodeIgniter.php(318): CodeIgniter\CodeIgniter->handleRequest(NULL, Object(Config\Cache), false)
#8 C:\xampp\htdocs\StackAssessmentV1\index.php(40): CodeIgniter\CodeIgniter->run()
#9 {main}
CRITICAL - 2021-11-24 21:07:55 --> Undefined variable $users
#0 C:\xampp\htdocs\StackAssessmentV1\app\Views\User\List.php(11): CodeIgniter\Debug\Exceptions->errorHandler(2, 'Undefined varia...', 'C:\\xampp\\htdocs...', 11)
#1 C:\xampp\htdocs\StackAssessmentV1\vendor\codeigniter4\framework\system\View\View.php(214): include('C:\\xampp\\htdocs...')
#2 C:\xampp\htdocs\StackAssessmentV1\vendor\codeigniter4\framework\system\View\View.php(217): CodeIgniter\View\View->CodeIgniter\View\{closure}()
#3 C:\xampp\htdocs\StackAssessmentV1\vendor\codeigniter4\framework\system\Common.php(1097): CodeIgniter\View\View->render('User/List', Array, true)
#4 C:\xampp\htdocs\StackAssessmentV1\app\Controllers\UserController.php(33): view('User/List', Array)
#5 C:\xampp\htdocs\StackAssessmentV1\vendor\codeigniter4\framework\system\CodeIgniter.php(824): App\Controllers\UserController->List()
#6 C:\xampp\htdocs\StackAssessmentV1\vendor\codeigniter4\framework\system\CodeIgniter.php(410): CodeIgniter\CodeIgniter->runController(Object(App\Controllers\UserController))
#7 C:\xampp\htdocs\StackAssessmentV1\vendor\codeigniter4\framework\system\CodeIgniter.php(318): CodeIgniter\CodeIgniter->handleRequest(NULL, Object(Config\Cache), false)
#8 C:\xampp\htdocs\StackAssessmentV1\index.php(40): CodeIgniter\CodeIgniter->run()
#9 {main}
CRITICAL - 2021-11-24 21:09:03 --> Undefined variable $users
#0 C:\xampp\htdocs\StackAssessmentV1\app\Views\User\List.php(11): CodeIgniter\Debug\Exceptions->errorHandler(2, 'Undefined varia...', 'C:\\xampp\\htdocs...', 11)
#1 C:\xampp\htdocs\StackAssessmentV1\vendor\codeigniter4\framework\system\View\View.php(214): include('C:\\xampp\\htdocs...')
#2 C:\xampp\htdocs\StackAssessmentV1\vendor\codeigniter4\framework\system\View\View.php(217): CodeIgniter\View\View->CodeIgniter\View\{closure}()
#3 C:\xampp\htdocs\StackAssessmentV1\vendor\codeigniter4\framework\system\Common.php(1097): CodeIgniter\View\View->render('User/List', Array, true)
#4 C:\xampp\htdocs\StackAssessmentV1\app\Controllers\UserController.php(34): view('User/List', Array)
#5 C:\xampp\htdocs\StackAssessmentV1\vendor\codeigniter4\framework\system\CodeIgniter.php(824): App\Controllers\UserController->List()
#6 C:\xampp\htdocs\StackAssessmentV1\vendor\codeigniter4\framework\system\CodeIgniter.php(410): CodeIgniter\CodeIgniter->runController(Object(App\Controllers\UserController))
#7 C:\xampp\htdocs\StackAssessmentV1\vendor\codeigniter4\framework\system\CodeIgniter.php(318): CodeIgniter\CodeIgniter->handleRequest(NULL, Object(Config\Cache), false)
#8 C:\xampp\htdocs\StackAssessmentV1\index.php(40): CodeIgniter\CodeIgniter->run()
#9 {main}
CRITICAL - 2021-11-24 21:09:04 --> Undefined variable $users
#0 C:\xampp\htdocs\StackAssessmentV1\app\Views\User\List.php(11): CodeIgniter\Debug\Exceptions->errorHandler(2, 'Undefined varia...', 'C:\\xampp\\htdocs...', 11)
#1 C:\xampp\htdocs\StackAssessmentV1\vendor\codeigniter4\framework\system\View\View.php(214): include('C:\\xampp\\htdocs...')
#2 C:\xampp\htdocs\StackAssessmentV1\vendor\codeigniter4\framework\system\View\View.php(217): CodeIgniter\View\View->CodeIgniter\View\{closure}()
#3 C:\xampp\htdocs\StackAssessmentV1\vendor\codeigniter4\framework\system\Common.php(1097): CodeIgniter\View\View->render('User/List', Array, true)
#4 C:\xampp\htdocs\StackAssessmentV1\app\Controllers\UserController.php(34): view('User/List', Array)
#5 C:\xampp\htdocs\StackAssessmentV1\vendor\codeigniter4\framework\system\CodeIgniter.php(824): App\Controllers\UserController->List()
#6 C:\xampp\htdocs\StackAssessmentV1\vendor\codeigniter4\framework\system\CodeIgniter.php(410): CodeIgniter\CodeIgniter->runController(Object(App\Controllers\UserController))
#7 C:\xampp\htdocs\StackAssessmentV1\vendor\codeigniter4\framework\system\CodeIgniter.php(318): CodeIgniter\CodeIgniter->handleRequest(NULL, Object(Config\Cache), false)
#8 C:\xampp\htdocs\StackAssessmentV1\index.php(40): CodeIgniter\CodeIgniter->run()
#9 {main}
CRITICAL - 2021-11-24 21:10:02 --> Undefined variable $users
#0 C:\xampp\htdocs\StackAssessmentV1\app\Views\User\List.php(11): CodeIgniter\Debug\Exceptions->errorHandler(2, 'Undefined varia...', 'C:\\xampp\\htdocs...', 11)
#1 C:\xampp\htdocs\StackAssessmentV1\vendor\codeigniter4\framework\system\View\View.php(214): include('C:\\xampp\\htdocs...')
#2 C:\xampp\htdocs\StackAssessmentV1\vendor\codeigniter4\framework\system\View\View.php(217): CodeIgniter\View\View->CodeIgniter\View\{closure}()
#3 C:\xampp\htdocs\StackAssessmentV1\vendor\codeigniter4\framework\system\Common.php(1097): CodeIgniter\View\View->render('User/List', Array, true)
#4 C:\xampp\htdocs\StackAssessmentV1\app\Controllers\UserController.php(34): view('User/List', Array)
#5 C:\xampp\htdocs\StackAssessmentV1\vendor\codeigniter4\framework\system\CodeIgniter.php(824): App\Controllers\UserController->List()
#6 C:\xampp\htdocs\StackAssessmentV1\vendor\codeigniter4\framework\system\CodeIgniter.php(410): CodeIgniter\CodeIgniter->runController(Object(App\Controllers\UserController))
#7 C:\xampp\htdocs\StackAssessmentV1\vendor\codeigniter4\framework\system\CodeIgniter.php(318): CodeIgniter\CodeIgniter->handleRequest(NULL, Object(Config\Cache), false)
#8 C:\xampp\htdocs\StackAssessmentV1\index.php(40): CodeIgniter\CodeIgniter->run()
#9 {main}
CRITICAL - 2021-11-24 21:10:51 --> Undefined variable $users
#0 C:\xampp\htdocs\StackAssessmentV1\app\Views\User\List.php(11): CodeIgniter\Debug\Exceptions->errorHandler(2, 'Undefined varia...', 'C:\\xampp\\htdocs...', 11)
#1 C:\xampp\htdocs\StackAssessmentV1\vendor\codeigniter4\framework\system\View\View.php(214): include('C:\\xampp\\htdocs...')
#2 C:\xampp\htdocs\StackAssessmentV1\vendor\codeigniter4\framework\system\View\View.php(217): CodeIgniter\View\View->CodeIgniter\View\{closure}()
#3 C:\xampp\htdocs\StackAssessmentV1\vendor\codeigniter4\framework\system\Common.php(1097): CodeIgniter\View\View->render('User/List', Array, true)
#4 C:\xampp\htdocs\StackAssessmentV1\app\Controllers\UserController.php(34): view('User/List', Array)
#5 C:\xampp\htdocs\StackAssessmentV1\vendor\codeigniter4\framework\system\CodeIgniter.php(824): App\Controllers\UserController->List()
#6 C:\xampp\htdocs\StackAssessmentV1\vendor\codeigniter4\framework\system\CodeIgniter.php(410): CodeIgniter\CodeIgniter->runController(Object(App\Controllers\UserController))
#7 C:\xampp\htdocs\StackAssessmentV1\vendor\codeigniter4\framework\system\CodeIgniter.php(318): CodeIgniter\CodeIgniter->handleRequest(NULL, Object(Config\Cache), false)
#8 C:\xampp\htdocs\StackAssessmentV1\index.php(40): CodeIgniter\CodeIgniter->run()
#9 {main}
CRITICAL - 2021-11-24 21:10:52 --> Undefined variable $users
#0 C:\xampp\htdocs\StackAssessmentV1\app\Views\User\List.php(11): CodeIgniter\Debug\Exceptions->errorHandler(2, 'Undefined varia...', 'C:\\xampp\\htdocs...', 11)
#1 C:\xampp\htdocs\StackAssessmentV1\vendor\codeigniter4\framework\system\View\View.php(214): include('C:\\xampp\\htdocs...')
#2 C:\xampp\htdocs\StackAssessmentV1\vendor\codeigniter4\framework\system\View\View.php(217): CodeIgniter\View\View->CodeIgniter\View\{closure}()
#3 C:\xampp\htdocs\StackAssessmentV1\vendor\codeigniter4\framework\system\Common.php(1097): CodeIgniter\View\View->render('User/List', Array, true)
#4 C:\xampp\htdocs\StackAssessmentV1\app\Controllers\UserController.php(34): view('User/List', Array)
#5 C:\xampp\htdocs\StackAssessmentV1\vendor\codeigniter4\framework\system\CodeIgniter.php(824): App\Controllers\UserController->List()
#6 C:\xampp\htdocs\StackAssessmentV1\vendor\codeigniter4\framework\system\CodeIgniter.php(410): CodeIgniter\CodeIgniter->runController(Object(App\Controllers\UserController))
#7 C:\xampp\htdocs\StackAssessmentV1\vendor\codeigniter4\framework\system\CodeIgniter.php(318): CodeIgniter\CodeIgniter->handleRequest(NULL, Object(Config\Cache), false)
#8 C:\xampp\htdocs\StackAssessmentV1\index.php(40): CodeIgniter\CodeIgniter->run()
#9 {main}
CRITICAL - 2021-11-24 21:10:52 --> Undefined variable $users
#0 C:\xampp\htdocs\StackAssessmentV1\app\Views\User\List.php(11): CodeIgniter\Debug\Exceptions->errorHandler(2, 'Undefined varia...', 'C:\\xampp\\htdocs...', 11)
#1 C:\xampp\htdocs\StackAssessmentV1\vendor\codeigniter4\framework\system\View\View.php(214): include('C:\\xampp\\htdocs...')
#2 C:\xampp\htdocs\StackAssessmentV1\vendor\codeigniter4\framework\system\View\View.php(217): CodeIgniter\View\View->CodeIgniter\View\{closure}()
#3 C:\xampp\htdocs\StackAssessmentV1\vendor\codeigniter4\framework\system\Common.php(1097): CodeIgniter\View\View->render('User/List', Array, true)
#4 C:\xampp\htdocs\StackAssessmentV1\app\Controllers\UserController.php(34): view('User/List', Array)
#5 C:\xampp\htdocs\StackAssessmentV1\vendor\codeigniter4\framework\system\CodeIgniter.php(824): App\Controllers\UserController->List()
#6 C:\xampp\htdocs\StackAssessmentV1\vendor\codeigniter4\framework\system\CodeIgniter.php(410): CodeIgniter\CodeIgniter->runController(Object(App\Controllers\UserController))
#7 C:\xampp\htdocs\StackAssessmentV1\vendor\codeigniter4\framework\system\CodeIgniter.php(318): CodeIgniter\CodeIgniter->handleRequest(NULL, Object(Config\Cache), false)
#8 C:\xampp\htdocs\StackAssessmentV1\index.php(40): CodeIgniter\CodeIgniter->run()
#9 {main}
CRITICAL - 2021-11-24 21:11:32 --> Undefined variable $users
#0 C:\xampp\htdocs\StackAssessmentV1\app\Views\User\List.php(11): CodeIgniter\Debug\Exceptions->errorHandler(2, 'Undefined varia...', 'C:\\xampp\\htdocs...', 11)
#1 C:\xampp\htdocs\StackAssessmentV1\vendor\codeigniter4\framework\system\View\View.php(214): include('C:\\xampp\\htdocs...')
#2 C:\xampp\htdocs\StackAssessmentV1\vendor\codeigniter4\framework\system\View\View.php(217): CodeIgniter\View\View->CodeIgniter\View\{closure}()
#3 C:\xampp\htdocs\StackAssessmentV1\vendor\codeigniter4\framework\system\Common.php(1097): CodeIgniter\View\View->render('User/List', Array, true)
#4 C:\xampp\htdocs\StackAssessmentV1\app\Controllers\UserController.php(34): view('User/List', Array)
#5 C:\xampp\htdocs\StackAssessmentV1\vendor\codeigniter4\framework\system\CodeIgniter.php(824): App\Controllers\UserController->List()
#6 C:\xampp\htdocs\StackAssessmentV1\vendor\codeigniter4\framework\system\CodeIgniter.php(410): CodeIgniter\CodeIgniter->runController(Object(App\Controllers\UserController))
#7 C:\xampp\htdocs\StackAssessmentV1\vendor\codeigniter4\framework\system\CodeIgniter.php(318): CodeIgniter\CodeIgniter->handleRequest(NULL, Object(Config\Cache), false)
#8 C:\xampp\htdocs\StackAssessmentV1\index.php(40): CodeIgniter\CodeIgniter->run()
#9 {main}
CRITICAL - 2021-11-24 21:11:33 --> Undefined variable $users
#0 C:\xampp\htdocs\StackAssessmentV1\app\Views\User\List.php(11): CodeIgniter\Debug\Exceptions->errorHandler(2, 'Undefined varia...', 'C:\\xampp\\htdocs...', 11)
#1 C:\xampp\htdocs\StackAssessmentV1\vendor\codeigniter4\framework\system\View\View.php(214): include('C:\\xampp\\htdocs...')
#2 C:\xampp\htdocs\StackAssessmentV1\vendor\codeigniter4\framework\system\View\View.php(217): CodeIgniter\View\View->CodeIgniter\View\{closure}()
#3 C:\xampp\htdocs\StackAssessmentV1\vendor\codeigniter4\framework\system\Common.php(1097): CodeIgniter\View\View->render('User/List', Array, true)
#4 C:\xampp\htdocs\StackAssessmentV1\app\Controllers\UserController.php(34): view('User/List', Array)
#5 C:\xampp\htdocs\StackAssessmentV1\vendor\codeigniter4\framework\system\CodeIgniter.php(824): App\Controllers\UserController->List()
#6 C:\xampp\htdocs\StackAssessmentV1\vendor\codeigniter4\framework\system\CodeIgniter.php(410): CodeIgniter\CodeIgniter->runController(Object(App\Controllers\UserController))
#7 C:\xampp\htdocs\StackAssessmentV1\vendor\codeigniter4\framework\system\CodeIgniter.php(318): CodeIgniter\CodeIgniter->handleRequest(NULL, Object(Config\Cache), false)
#8 C:\xampp\htdocs\StackAssessmentV1\index.php(40): CodeIgniter\CodeIgniter->run()
#9 {main}
CRITICAL - 2021-11-24 21:12:05 --> Undefined variable $users
#0 C:\xampp\htdocs\StackAssessmentV1\app\Views\User\List.php(11): CodeIgniter\Debug\Exceptions->errorHandler(2, 'Undefined varia...', 'C:\\xampp\\htdocs...', 11)
#1 C:\xampp\htdocs\StackAssessmentV1\vendor\codeigniter4\framework\system\View\View.php(214): include('C:\\xampp\\htdocs...')
#2 C:\xampp\htdocs\StackAssessmentV1\vendor\codeigniter4\framework\system\View\View.php(217): CodeIgniter\View\View->CodeIgniter\View\{closure}()
#3 C:\xampp\htdocs\StackAssessmentV1\vendor\codeigniter4\framework\system\Common.php(1097): CodeIgniter\View\View->render('User/List', Array, true)
#4 C:\xampp\htdocs\StackAssessmentV1\app\Controllers\UserController.php(34): view('User/List', Array)
#5 C:\xampp\htdocs\StackAssessmentV1\vendor\codeigniter4\framework\system\CodeIgniter.php(824): App\Controllers\UserController->List()
#6 C:\xampp\htdocs\StackAssessmentV1\vendor\codeigniter4\framework\system\CodeIgniter.php(410): CodeIgniter\CodeIgniter->runController(Object(App\Controllers\UserController))
#7 C:\xampp\htdocs\StackAssessmentV1\vendor\codeigniter4\framework\system\CodeIgniter.php(318): CodeIgniter\CodeIgniter->handleRequest(NULL, Object(Config\Cache), false)
#8 C:\xampp\htdocs\StackAssessmentV1\index.php(40): CodeIgniter\CodeIgniter->run()
#9 {main}
CRITICAL - 2021-11-24 21:12:06 --> Undefined variable $users
#0 C:\xampp\htdocs\StackAssessmentV1\app\Views\User\List.php(11): CodeIgniter\Debug\Exceptions->errorHandler(2, 'Undefined varia...', 'C:\\xampp\\htdocs...', 11)
#1 C:\xampp\htdocs\StackAssessmentV1\vendor\codeigniter4\framework\system\View\View.php(214): include('C:\\xampp\\htdocs...')
#2 C:\xampp\htdocs\StackAssessmentV1\vendor\codeigniter4\framework\system\View\View.php(217): CodeIgniter\View\View->CodeIgniter\View\{closure}()
#3 C:\xampp\htdocs\StackAssessmentV1\vendor\codeigniter4\framework\system\Common.php(1097): CodeIgniter\View\View->render('User/List', Array, true)
#4 C:\xampp\htdocs\StackAssessmentV1\app\Controllers\UserController.php(34): view('User/List', Array)
#5 C:\xampp\htdocs\StackAssessmentV1\vendor\codeigniter4\framework\system\CodeIgniter.php(824): App\Controllers\UserController->List()
#6 C:\xampp\htdocs\StackAssessmentV1\vendor\codeigniter4\framework\system\CodeIgniter.php(410): CodeIgniter\CodeIgniter->runController(Object(App\Controllers\UserController))
#7 C:\xampp\htdocs\StackAssessmentV1\vendor\codeigniter4\framework\system\CodeIgniter.php(318): CodeIgniter\CodeIgniter->handleRequest(NULL, Object(Config\Cache), false)
#8 C:\xampp\htdocs\StackAssessmentV1\index.php(40): CodeIgniter\CodeIgniter->run()
#9 {main}
CRITICAL - 2021-11-24 21:16:04 --> Undefined variable $users
#0 C:\xampp\htdocs\StackAssessmentV1\app\Views\User\List.php(11): CodeIgniter\Debug\Exceptions->errorHandler(2, 'Undefined varia...', 'C:\\xampp\\htdocs...', 11)
#1 C:\xampp\htdocs\StackAssessmentV1\vendor\codeigniter4\framework\system\View\View.php(214): include('C:\\xampp\\htdocs...')
#2 C:\xampp\htdocs\StackAssessmentV1\vendor\codeigniter4\framework\system\View\View.php(217): CodeIgniter\View\View->CodeIgniter\View\{closure}()
#3 C:\xampp\htdocs\StackAssessmentV1\vendor\codeigniter4\framework\system\Common.php(1097): CodeIgniter\View\View->render('User/List', Array, true)
#4 C:\xampp\htdocs\StackAssessmentV1\app\Controllers\UserController.php(34): view('User/List', Array)
#5 C:\xampp\htdocs\StackAssessmentV1\vendor\codeigniter4\framework\system\CodeIgniter.php(824): App\Controllers\UserController->List()
#6 C:\xampp\htdocs\StackAssessmentV1\vendor\codeigniter4\framework\system\CodeIgniter.php(410): CodeIgniter\CodeIgniter->runController(Object(App\Controllers\UserController))
#7 C:\xampp\htdocs\StackAssessmentV1\vendor\codeigniter4\framework\system\CodeIgniter.php(318): CodeIgniter\CodeIgniter->handleRequest(NULL, Object(Config\Cache), false)
#8 C:\xampp\htdocs\StackAssessmentV1\index.php(40): CodeIgniter\CodeIgniter->run()
#9 {main}
CRITICAL - 2021-11-24 21:16:05 --> Undefined variable $users
#0 C:\xampp\htdocs\StackAssessmentV1\app\Views\User\List.php(11): CodeIgniter\Debug\Exceptions->errorHandler(2, 'Undefined varia...', 'C:\\xampp\\htdocs...', 11)
#1 C:\xampp\htdocs\StackAssessmentV1\vendor\codeigniter4\framework\system\View\View.php(214): include('C:\\xampp\\htdocs...')
#2 C:\xampp\htdocs\StackAssessmentV1\vendor\codeigniter4\framework\system\View\View.php(217): CodeIgniter\View\View->CodeIgniter\View\{closure}()
#3 C:\xampp\htdocs\StackAssessmentV1\vendor\codeigniter4\framework\system\Common.php(1097): CodeIgniter\View\View->render('User/List', Array, true)
#4 C:\xampp\htdocs\StackAssessmentV1\app\Controllers\UserController.php(34): view('User/List', Array)
#5 C:\xampp\htdocs\StackAssessmentV1\vendor\codeigniter4\framework\system\CodeIgniter.php(824): App\Controllers\UserController->List()
#6 C:\xampp\htdocs\StackAssessmentV1\vendor\codeigniter4\framework\system\CodeIgniter.php(410): CodeIgniter\CodeIgniter->runController(Object(App\Controllers\UserController))
#7 C:\xampp\htdocs\StackAssessmentV1\vendor\codeigniter4\framework\system\CodeIgniter.php(318): CodeIgniter\CodeIgniter->handleRequest(NULL, Object(Config\Cache), false)
#8 C:\xampp\htdocs\StackAssessmentV1\index.php(40): CodeIgniter\CodeIgniter->run()
#9 {main}
CRITICAL - 2021-11-24 21:16:06 --> Undefined variable $users
#0 C:\xampp\htdocs\StackAssessmentV1\app\Views\User\List.php(11): CodeIgniter\Debug\Exceptions->errorHandler(2, 'Undefined varia...', 'C:\\xampp\\htdocs...', 11)
#1 C:\xampp\htdocs\StackAssessmentV1\vendor\codeigniter4\framework\system\View\View.php(214): include('C:\\xampp\\htdocs...')
#2 C:\xampp\htdocs\StackAssessmentV1\vendor\codeigniter4\framework\system\View\View.php(217): CodeIgniter\View\View->CodeIgniter\View\{closure}()
#3 C:\xampp\htdocs\StackAssessmentV1\vendor\codeigniter4\framework\system\Common.php(1097): CodeIgniter\View\View->render('User/List', Array, true)
#4 C:\xampp\htdocs\StackAssessmentV1\app\Controllers\UserController.php(34): view('User/List', Array)
#5 C:\xampp\htdocs\StackAssessmentV1\vendor\codeigniter4\framework\system\CodeIgniter.php(824): App\Controllers\UserController->List()
#6 C:\xampp\htdocs\StackAssessmentV1\vendor\codeigniter4\framework\system\CodeIgniter.php(410): CodeIgniter\CodeIgniter->runController(Object(App\Controllers\UserController))
#7 C:\xampp\htdocs\StackAssessmentV1\vendor\codeigniter4\framework\system\CodeIgniter.php(318): CodeIgniter\CodeIgniter->handleRequest(NULL, Object(Config\Cache), false)
#8 C:\xampp\htdocs\StackAssessmentV1\index.php(40): CodeIgniter\CodeIgniter->run()
#9 {main}
CRITICAL - 2021-11-24 21:16:07 --> Undefined variable $users
#0 C:\xampp\htdocs\StackAssessmentV1\app\Views\User\List.php(11): CodeIgniter\Debug\Exceptions->errorHandler(2, 'Undefined varia...', 'C:\\xampp\\htdocs...', 11)
#1 C:\xampp\htdocs\StackAssessmentV1\vendor\codeigniter4\framework\system\View\View.php(214): include('C:\\xampp\\htdocs...')
#2 C:\xampp\htdocs\StackAssessmentV1\vendor\codeigniter4\framework\system\View\View.php(217): CodeIgniter\View\View->CodeIgniter\View\{closure}()
#3 C:\xampp\htdocs\StackAssessmentV1\vendor\codeigniter4\framework\system\Common.php(1097): CodeIgniter\View\View->render('User/List', Array, true)
#4 C:\xampp\htdocs\StackAssessmentV1\app\Controllers\UserController.php(34): view('User/List', Array)
#5 C:\xampp\htdocs\StackAssessmentV1\vendor\codeigniter4\framework\system\CodeIgniter.php(824): App\Controllers\UserController->List()
#6 C:\xampp\htdocs\StackAssessmentV1\vendor\codeigniter4\framework\system\CodeIgniter.php(410): CodeIgniter\CodeIgniter->runController(Object(App\Controllers\UserController))
#7 C:\xampp\htdocs\StackAssessmentV1\vendor\codeigniter4\framework\system\CodeIgniter.php(318): CodeIgniter\CodeIgniter->handleRequest(NULL, Object(Config\Cache), false)
#8 C:\xampp\htdocs\StackAssessmentV1\index.php(40): CodeIgniter\CodeIgniter->run()
#9 {main}
CRITICAL - 2021-11-24 21:16:26 --> Undefined variable $users
#0 C:\xampp\htdocs\StackAssessmentV1\app\Views\User\List.php(11): CodeIgniter\Debug\Exceptions->errorHandler(2, 'Undefined varia...', 'C:\\xampp\\htdocs...', 11)
#1 C:\xampp\htdocs\StackAssessmentV1\vendor\codeigniter4\framework\system\View\View.php(214): include('C:\\xampp\\htdocs...')
#2 C:\xampp\htdocs\StackAssessmentV1\vendor\codeigniter4\framework\system\View\View.php(217): CodeIgniter\View\View->CodeIgniter\View\{closure}()
#3 C:\xampp\htdocs\StackAssessmentV1\vendor\codeigniter4\framework\system\Common.php(1097): CodeIgniter\View\View->render('User/List', Array, true)
#4 C:\xampp\htdocs\StackAssessmentV1\app\Controllers\UserController.php(34): view('User/List', Array)
#5 C:\xampp\htdocs\StackAssessmentV1\vendor\codeigniter4\framework\system\CodeIgniter.php(824): App\Controllers\UserController->List()
#6 C:\xampp\htdocs\StackAssessmentV1\vendor\codeigniter4\framework\system\CodeIgniter.php(410): CodeIgniter\CodeIgniter->runController(Object(App\Controllers\UserController))
#7 C:\xampp\htdocs\StackAssessmentV1\vendor\codeigniter4\framework\system\CodeIgniter.php(318): CodeIgniter\CodeIgniter->handleRequest(NULL, Object(Config\Cache), false)
#8 C:\xampp\htdocs\StackAssessmentV1\index.php(40): CodeIgniter\CodeIgniter->run()
#9 {main}
CRITICAL - 2021-11-24 21:16:54 --> Undefined variable $users
#0 C:\xampp\htdocs\StackAssessmentV1\app\Views\User\List.php(11): CodeIgniter\Debug\Exceptions->errorHandler(2, 'Undefined varia...', 'C:\\xampp\\htdocs...', 11)
#1 C:\xampp\htdocs\StackAssessmentV1\vendor\codeigniter4\framework\system\View\View.php(214): include('C:\\xampp\\htdocs...')
#2 C:\xampp\htdocs\StackAssessmentV1\vendor\codeigniter4\framework\system\View\View.php(217): CodeIgniter\View\View->CodeIgniter\View\{closure}()
#3 C:\xampp\htdocs\StackAssessmentV1\vendor\codeigniter4\framework\system\Common.php(1097): CodeIgniter\View\View->render('User/List', Array, true)
#4 C:\xampp\htdocs\StackAssessmentV1\app\Controllers\UserController.php(34): view('User/List', Array)
#5 C:\xampp\htdocs\StackAssessmentV1\vendor\codeigniter4\framework\system\CodeIgniter.php(824): App\Controllers\UserController->List()
#6 C:\xampp\htdocs\StackAssessmentV1\vendor\codeigniter4\framework\system\CodeIgniter.php(410): CodeIgniter\CodeIgniter->runController(Object(App\Controllers\UserController))
#7 C:\xampp\htdocs\StackAssessmentV1\vendor\codeigniter4\framework\system\CodeIgniter.php(318): CodeIgniter\CodeIgniter->handleRequest(NULL, Object(Config\Cache), false)
#8 C:\xampp\htdocs\StackAssessmentV1\index.php(40): CodeIgniter\CodeIgniter->run()
#9 {main}
CRITICAL - 2021-11-24 21:19:50 --> Undefined variable $data
#0 C:\xampp\htdocs\StackAssessmentV1\app\Views\User\List.php(11): CodeIgniter\Debug\Exceptions->errorHandler(2, 'Undefined varia...', 'C:\\xampp\\htdocs...', 11)
#1 C:\xampp\htdocs\StackAssessmentV1\vendor\codeigniter4\framework\system\View\View.php(214): include('C:\\xampp\\htdocs...')
#2 C:\xampp\htdocs\StackAssessmentV1\vendor\codeigniter4\framework\system\View\View.php(217): CodeIgniter\View\View->CodeIgniter\View\{closure}()
#3 C:\xampp\htdocs\StackAssessmentV1\vendor\codeigniter4\framework\system\Common.php(1097): CodeIgniter\View\View->render('User/List', Array, true)
#4 C:\xampp\htdocs\StackAssessmentV1\app\Controllers\UserController.php(35): view('User/List', Array)
#5 C:\xampp\htdocs\StackAssessmentV1\vendor\codeigniter4\framework\system\CodeIgniter.php(824): App\Controllers\UserController->List()
#6 C:\xampp\htdocs\StackAssessmentV1\vendor\codeigniter4\framework\system\CodeIgniter.php(410): CodeIgniter\CodeIgniter->runController(Object(App\Controllers\UserController))
#7 C:\xampp\htdocs\StackAssessmentV1\vendor\codeigniter4\framework\system\CodeIgniter.php(318): CodeIgniter\CodeIgniter->handleRequest(NULL, Object(Config\Cache), false)
#8 C:\xampp\htdocs\StackAssessmentV1\index.php(40): CodeIgniter\CodeIgniter->run()
#9 {main}
CRITICAL - 2021-11-24 21:19:51 --> Undefined variable $data
#0 C:\xampp\htdocs\StackAssessmentV1\app\Views\User\List.php(11): CodeIgniter\Debug\Exceptions->errorHandler(2, 'Undefined varia...', 'C:\\xampp\\htdocs...', 11)
#1 C:\xampp\htdocs\StackAssessmentV1\vendor\codeigniter4\framework\system\View\View.php(214): include('C:\\xampp\\htdocs...')
#2 C:\xampp\htdocs\StackAssessmentV1\vendor\codeigniter4\framework\system\View\View.php(217): CodeIgniter\View\View->CodeIgniter\View\{closure}()
#3 C:\xampp\htdocs\StackAssessmentV1\vendor\codeigniter4\framework\system\Common.php(1097): CodeIgniter\View\View->render('User/List', Array, true)
#4 C:\xampp\htdocs\StackAssessmentV1\app\Controllers\UserController.php(35): view('User/List', Array)
#5 C:\xampp\htdocs\StackAssessmentV1\vendor\codeigniter4\framework\system\CodeIgniter.php(824): App\Controllers\UserController->List()
#6 C:\xampp\htdocs\StackAssessmentV1\vendor\codeigniter4\framework\system\CodeIgniter.php(410): CodeIgniter\CodeIgniter->runController(Object(App\Controllers\UserController))
#7 C:\xampp\htdocs\StackAssessmentV1\vendor\codeigniter4\framework\system\CodeIgniter.php(318): CodeIgniter\CodeIgniter->handleRequest(NULL, Object(Config\Cache), false)
#8 C:\xampp\htdocs\StackAssessmentV1\index.php(40): CodeIgniter\CodeIgniter->run()
#9 {main}
CRITICAL - 2021-11-24 21:19:56 --> Undefined variable $key
#0 C:\xampp\htdocs\StackAssessmentV1\app\Views\User\List.php(11): CodeIgniter\Debug\Exceptions->errorHandler(2, 'Undefined varia...', 'C:\\xampp\\htdocs...', 11)
#1 C:\xampp\htdocs\StackAssessmentV1\vendor\codeigniter4\framework\system\View\View.php(214): include('C:\\xampp\\htdocs...')
#2 C:\xampp\htdocs\StackAssessmentV1\vendor\codeigniter4\framework\system\View\View.php(217): CodeIgniter\View\View->CodeIgniter\View\{closure}()
#3 C:\xampp\htdocs\StackAssessmentV1\vendor\codeigniter4\framework\system\Common.php(1097): CodeIgniter\View\View->render('User/List', Array, true)
#4 C:\xampp\htdocs\StackAssessmentV1\app\Controllers\UserController.php(35): view('User/List', Array)
#5 C:\xampp\htdocs\StackAssessmentV1\vendor\codeigniter4\framework\system\CodeIgniter.php(824): App\Controllers\UserController->List()
#6 C:\xampp\htdocs\StackAssessmentV1\vendor\codeigniter4\framework\system\CodeIgniter.php(410): CodeIgniter\CodeIgniter->runController(Object(App\Controllers\UserController))
#7 C:\xampp\htdocs\StackAssessmentV1\vendor\codeigniter4\framework\system\CodeIgniter.php(318): CodeIgniter\CodeIgniter->handleRequest(NULL, Object(Config\Cache), false)
#8 C:\xampp\htdocs\StackAssessmentV1\index.php(40): CodeIgniter\CodeIgniter->run()
#9 {main}
CRITICAL - 2021-11-24 21:19:56 --> Undefined variable $key
#0 C:\xampp\htdocs\StackAssessmentV1\app\Views\User\List.php(11): CodeIgniter\Debug\Exceptions->errorHandler(2, 'Undefined varia...', 'C:\\xampp\\htdocs...', 11)
#1 C:\xampp\htdocs\StackAssessmentV1\vendor\codeigniter4\framework\system\View\View.php(214): include('C:\\xampp\\htdocs...')
#2 C:\xampp\htdocs\StackAssessmentV1\vendor\codeigniter4\framework\system\View\View.php(217): CodeIgniter\View\View->CodeIgniter\View\{closure}()
#3 C:\xampp\htdocs\StackAssessmentV1\vendor\codeigniter4\framework\system\Common.php(1097): CodeIgniter\View\View->render('User/List', Array, true)
#4 C:\xampp\htdocs\StackAssessmentV1\app\Controllers\UserController.php(35): view('User/List', Array)
#5 C:\xampp\htdocs\StackAssessmentV1\vendor\codeigniter4\framework\system\CodeIgniter.php(824): App\Controllers\UserController->List()
#6 C:\xampp\htdocs\StackAssessmentV1\vendor\codeigniter4\framework\system\CodeIgniter.php(410): CodeIgniter\CodeIgniter->runController(Object(App\Controllers\UserController))
#7 C:\xampp\htdocs\StackAssessmentV1\vendor\codeigniter4\framework\system\CodeIgniter.php(318): CodeIgniter\CodeIgniter->handleRequest(NULL, Object(Config\Cache), false)
#8 C:\xampp\htdocs\StackAssessmentV1\index.php(40): CodeIgniter\CodeIgniter->run()
#9 {main}
CRITICAL - 2021-11-24 21:19:57 --> Undefined variable $key
#0 C:\xampp\htdocs\StackAssessmentV1\app\Views\User\List.php(11): CodeIgniter\Debug\Exceptions->errorHandler(2, 'Undefined varia...', 'C:\\xampp\\htdocs...', 11)
#1 C:\xampp\htdocs\StackAssessmentV1\vendor\codeigniter4\framework\system\View\View.php(214): include('C:\\xampp\\htdocs...')
#2 C:\xampp\htdocs\StackAssessmentV1\vendor\codeigniter4\framework\system\View\View.php(217): CodeIgniter\View\View->CodeIgniter\View\{closure}()
#3 C:\xampp\htdocs\StackAssessmentV1\vendor\codeigniter4\framework\system\Common.php(1097): CodeIgniter\View\View->render('User/List', Array, true)
#4 C:\xampp\htdocs\StackAssessmentV1\app\Controllers\UserController.php(35): view('User/List', Array)
#5 C:\xampp\htdocs\StackAssessmentV1\vendor\codeigniter4\framework\system\CodeIgniter.php(824): App\Controllers\UserController->List()
#6 C:\xampp\htdocs\StackAssessmentV1\vendor\codeigniter4\framework\system\CodeIgniter.php(410): CodeIgniter\CodeIgniter->runController(Object(App\Controllers\UserController))
#7 C:\xampp\htdocs\StackAssessmentV1\vendor\codeigniter4\framework\system\CodeIgniter.php(318): CodeIgniter\CodeIgniter->handleRequest(NULL, Object(Config\Cache), false)
#8 C:\xampp\htdocs\StackAssessmentV1\index.php(40): CodeIgniter\CodeIgniter->run()
#9 {main}
CRITICAL - 2021-11-24 21:19:57 --> Undefined variable $key
#0 C:\xampp\htdocs\StackAssessmentV1\app\Views\User\List.php(11): CodeIgniter\Debug\Exceptions->errorHandler(2, 'Undefined varia...', 'C:\\xampp\\htdocs...', 11)
#1 C:\xampp\htdocs\StackAssessmentV1\vendor\codeigniter4\framework\system\View\View.php(214): include('C:\\xampp\\htdocs...')
#2 C:\xampp\htdocs\StackAssessmentV1\vendor\codeigniter4\framework\system\View\View.php(217): CodeIgniter\View\View->CodeIgniter\View\{closure}()
#3 C:\xampp\htdocs\StackAssessmentV1\vendor\codeigniter4\framework\system\Common.php(1097): CodeIgniter\View\View->render('User/List', Array, true)
#4 C:\xampp\htdocs\StackAssessmentV1\app\Controllers\UserController.php(35): view('User/List', Array)
#5 C:\xampp\htdocs\StackAssessmentV1\vendor\codeigniter4\framework\system\CodeIgniter.php(824): App\Controllers\UserController->List()
#6 C:\xampp\htdocs\StackAssessmentV1\vendor\codeigniter4\framework\system\CodeIgniter.php(410): CodeIgniter\CodeIgniter->runController(Object(App\Controllers\UserController))
#7 C:\xampp\htdocs\StackAssessmentV1\vendor\codeigniter4\framework\system\CodeIgniter.php(318): CodeIgniter\CodeIgniter->handleRequest(NULL, Object(Config\Cache), false)
#8 C:\xampp\htdocs\StackAssessmentV1\index.php(40): CodeIgniter\CodeIgniter->run()
#9 {main}
CRITICAL - 2021-11-24 21:19:57 --> Undefined variable $key
#0 C:\xampp\htdocs\StackAssessmentV1\app\Views\User\List.php(11): CodeIgniter\Debug\Exceptions->errorHandler(2, 'Undefined varia...', 'C:\\xampp\\htdocs...', 11)
#1 C:\xampp\htdocs\StackAssessmentV1\vendor\codeigniter4\framework\system\View\View.php(214): include('C:\\xampp\\htdocs...')
#2 C:\xampp\htdocs\StackAssessmentV1\vendor\codeigniter4\framework\system\View\View.php(217): CodeIgniter\View\View->CodeIgniter\View\{closure}()
#3 C:\xampp\htdocs\StackAssessmentV1\vendor\codeigniter4\framework\system\Common.php(1097): CodeIgniter\View\View->render('User/List', Array, true)
#4 C:\xampp\htdocs\StackAssessmentV1\app\Controllers\UserController.php(35): view('User/List', Array)
#5 C:\xampp\htdocs\StackAssessmentV1\vendor\codeigniter4\framework\system\CodeIgniter.php(824): App\Controllers\UserController->List()
#6 C:\xampp\htdocs\StackAssessmentV1\vendor\codeigniter4\framework\system\CodeIgniter.php(410): CodeIgniter\CodeIgniter->runController(Object(App\Controllers\UserController))
#7 C:\xampp\htdocs\StackAssessmentV1\vendor\codeigniter4\framework\system\CodeIgniter.php(318): CodeIgniter\CodeIgniter->handleRequest(NULL, Object(Config\Cache), false)
#8 C:\xampp\htdocs\StackAssessmentV1\index.php(40): CodeIgniter\CodeIgniter->run()
#9 {main}
CRITICAL - 2021-11-24 21:46:49 --> Undefined variable $users
#0 C:\xampp\htdocs\StackAssessmentV1\app\Controllers\UserController.php(23): CodeIgniter\Debug\Exceptions->errorHandler(2, 'Undefined varia...', 'C:\\xampp\\htdocs...', 23)
#1 C:\xampp\htdocs\StackAssessmentV1\vendor\codeigniter4\framework\system\CodeIgniter.php(824): App\Controllers\UserController->Save()
#2 C:\xampp\htdocs\StackAssessmentV1\vendor\codeigniter4\framework\system\CodeIgniter.php(410): CodeIgniter\CodeIgniter->runController(Object(App\Controllers\UserController))
#3 C:\xampp\htdocs\StackAssessmentV1\vendor\codeigniter4\framework\system\CodeIgniter.php(318): CodeIgniter\CodeIgniter->handleRequest(NULL, Object(Config\Cache), false)
#4 C:\xampp\htdocs\StackAssessmentV1\index.php(40): CodeIgniter\CodeIgniter->run()
#5 {main}
